{"total": {"lines":{"total":1671,"covered":853,"skipped":0,"pct":51.04},"statements":{"total":1821,"covered":900,"skipped":0,"pct":49.42},"functions":{"total":605,"covered":293,"skipped":0,"pct":48.42},"branches":{"total":1176,"covered":531,"skipped":0,"pct":45.15},"branchesTrue":{"total":0,"covered":0,"skipped":0,"pct":100}}
,"D:\\Repos\\keon-omega\\keon.control.website\\src\\app\\api\\control\\mock\\checkout\\route.ts": {"lines":{"total":10,"covered":10,"skipped":0,"pct":100},"functions":{"total":1,"covered":1,"skipped":0,"pct":100},"statements":{"total":10,"covered":10,"skipped":0,"pct":100},"branches":{"total":6,"covered":6,"skipped":0,"pct":100}}
,"D:\\Repos\\keon-omega\\keon.control.website\\src\\app\\api\\control\\v1\\api-keys\\route.ts": {"lines":{"total":5,"covered":5,"skipped":0,"pct":100},"functions":{"total":1,"covered":1,"skipped":0,"pct":100},"statements":{"total":5,"covered":5,"skipped":0,"pct":100},"branches":{"total":2,"covered":2,"skipped":0,"pct":100}}
,"D:\\Repos\\keon-omega\\keon.control.website\\src\\app\\api\\control\\v1\\billing\\checkout-session\\route.ts": {"lines":{"total":11,"covered":11,"skipped":0,"pct":100},"functions":{"total":2,"covered":1,"skipped":0,"pct":50},"statements":{"total":12,"covered":11,"skipped":0,"pct":91.66},"branches":{"total":8,"covered":7,"skipped":0,"pct":87.5}}
,"D:\\Repos\\keon-omega\\keon.control.website\\src\\app\\api\\control\\v1\\billing\\portal-session\\route.ts": {"lines":{"total":9,"covered":8,"skipped":0,"pct":88.88},"functions":{"total":2,"covered":1,"skipped":0,"pct":50},"statements":{"total":10,"covered":8,"skipped":0,"pct":80},"branches":{"total":6,"covered":4,"skipped":0,"pct":66.66}}
,"D:\\Repos\\keon-omega\\keon.control.website\\src\\app\\api\\control\\v1\\billing\\summary\\route.ts": {"lines":{"total":7,"covered":6,"skipped":0,"pct":85.71},"functions":{"total":1,"covered":1,"skipped":0,"pct":100},"statements":{"total":7,"covered":6,"skipped":0,"pct":85.71},"branches":{"total":4,"covered":2,"skipped":0,"pct":50}}
,"D:\\Repos\\keon-omega\\keon.control.website\\src\\app\\api\\control\\v1\\me\\route.ts": {"lines":{"total":2,"covered":2,"skipped":0,"pct":100},"functions":{"total":1,"covered":1,"skipped":0,"pct":100},"statements":{"total":2,"covered":2,"skipped":0,"pct":100},"branches":{"total":0,"covered":0,"skipped":0,"pct":100}}
,"D:\\Repos\\keon-omega\\keon.control.website\\src\\app\\api\\control\\v1\\me\\tenants\\route.ts": {"lines":{"total":2,"covered":2,"skipped":0,"pct":100},"functions":{"total":1,"covered":1,"skipped":0,"pct":100},"statements":{"total":2,"covered":2,"skipped":0,"pct":100},"branches":{"total":0,"covered":0,"skipped":0,"pct":100}}
,"D:\\Repos\\keon-omega\\keon.control.website\\src\\app\\api\\control\\v1\\usage\\summary\\route.ts": {"lines":{"total":7,"covered":6,"skipped":0,"pct":85.71},"functions":{"total":1,"covered":1,"skipped":0,"pct":100},"statements":{"total":7,"covered":6,"skipped":0,"pct":85.71},"branches":{"total":4,"covered":2,"skipped":0,"pct":50}}
,"D:\\Repos\\keon-omega\\keon.control.website\\src\\app\\api\\control\\v1\\webhooks\\stripe\\route.ts": {"lines":{"total":18,"covered":15,"skipped":0,"pct":83.33},"functions":{"total":1,"covered":1,"skipped":0,"pct":100},"statements":{"total":18,"covered":15,"skipped":0,"pct":83.33},"branches":{"total":15,"covered":10,"skipped":0,"pct":66.66}}
,"D:\\Repos\\keon-omega\\keon.control.website\\src\\hooks\\useAutoRefresh.ts": {"lines":{"total":17,"covered":17,"skipped":0,"pct":100},"functions":{"total":5,"covered":5,"skipped":0,"pct":100},"statements":{"total":19,"covered":18,"skipped":0,"pct":94.73},"branches":{"total":5,"covered":4,"skipped":0,"pct":80}}
,"D:\\Repos\\keon-omega\\keon.control.website\\src\\hooks\\useRealtimeSubscription.ts": {"lines":{"total":21,"covered":18,"skipped":0,"pct":85.71},"functions":{"total":8,"covered":7,"skipped":0,"pct":87.5},"statements":{"total":25,"covered":22,"skipped":0,"pct":88},"branches":{"total":10,"covered":8,"skipped":0,"pct":80}}
,"D:\\Repos\\keon-omega\\keon.control.website\\src\\lib\\cross-links.ts": {"lines":{"total":2,"covered":2,"skipped":0,"pct":100},"functions":{"total":1,"covered":1,"skipped":0,"pct":100},"statements":{"total":2,"covered":2,"skipped":0,"pct":100},"branches":{"total":2,"covered":2,"skipped":0,"pct":100}}
,"D:\\Repos\\keon-omega\\keon.control.website\\src\\lib\\evidence-docs.ts": {"lines":{"total":3,"covered":3,"skipped":0,"pct":100},"functions":{"total":2,"covered":2,"skipped":0,"pct":100},"statements":{"total":4,"covered":4,"skipped":0,"pct":100},"branches":{"total":2,"covered":2,"skipped":0,"pct":100}}
,"D:\\Repos\\keon-omega\\keon.control.website\\src\\lib\\format.ts": {"lines":{"total":35,"covered":33,"skipped":0,"pct":94.28},"functions":{"total":7,"covered":5,"skipped":0,"pct":71.42},"statements":{"total":35,"covered":33,"skipped":0,"pct":94.28},"branches":{"total":30,"covered":24,"skipped":0,"pct":80}}
,"D:\\Repos\\keon-omega\\keon.control.website\\src\\lib\\incident-mode.tsx": {"lines":{"total":29,"covered":0,"skipped":0,"pct":0},"functions":{"total":16,"covered":0,"skipped":0,"pct":0},"statements":{"total":37,"covered":0,"skipped":0,"pct":0},"branches":{"total":12,"covered":0,"skipped":0,"pct":0}}
,"D:\\Repos\\keon-omega\\keon.control.website\\src\\lib\\index.ts": {"lines":{"total":0,"covered":0,"skipped":0,"pct":0},"functions":{"total":0,"covered":0,"skipped":0,"pct":0},"statements":{"total":0,"covered":0,"skipped":0,"pct":0},"branches":{"total":0,"covered":0,"skipped":0,"pct":0}}
,"D:\\Repos\\keon-omega\\keon.control.website\\src\\lib\\keyboard.ts": {"lines":{"total":50,"covered":0,"skipped":0,"pct":0},"functions":{"total":14,"covered":0,"skipped":0,"pct":0},"statements":{"total":55,"covered":0,"skipped":0,"pct":0},"branches":{"total":51,"covered":0,"skipped":0,"pct":0}}
,"D:\\Repos\\keon-omega\\keon.control.website\\src\\lib\\mappers.ts": {"lines":{"total":3,"covered":3,"skipped":0,"pct":100},"functions":{"total":3,"covered":2,"skipped":0,"pct":66.66},"statements":{"total":6,"covered":5,"skipped":0,"pct":83.33},"branches":{"total":0,"covered":0,"skipped":0,"pct":100}}
,"D:\\Repos\\keon-omega\\keon.control.website\\src\\lib\\mock-data.ts": {"lines":{"total":45,"covered":0,"skipped":0,"pct":0},"functions":{"total":0,"covered":0,"skipped":0,"pct":100},"statements":{"total":45,"covered":0,"skipped":0,"pct":0},"branches":{"total":0,"covered":0,"skipped":0,"pct":100}}
,"D:\\Repos\\keon-omega\\keon.control.website\\src\\lib\\rhid-resolver.ts": {"lines":{"total":6,"covered":6,"skipped":0,"pct":100},"functions":{"total":3,"covered":3,"skipped":0,"pct":100},"statements":{"total":10,"covered":9,"skipped":0,"pct":90},"branches":{"total":8,"covered":7,"skipped":0,"pct":87.5}}
,"D:\\Repos\\keon-omega\\keon.control.website\\src\\lib\\use-explain-mode.ts": {"lines":{"total":24,"covered":24,"skipped":0,"pct":100},"functions":{"total":8,"covered":8,"skipped":0,"pct":100},"statements":{"total":25,"covered":25,"skipped":0,"pct":100},"branches":{"total":14,"covered":12,"skipped":0,"pct":85.71}}
,"D:\\Repos\\keon-omega\\keon.control.website\\src\\lib\\use-incident-trigger.ts": {"lines":{"total":22,"covered":0,"skipped":0,"pct":0},"functions":{"total":6,"covered":0,"skipped":0,"pct":0},"statements":{"total":24,"covered":0,"skipped":0,"pct":0},"branches":{"total":20,"covered":0,"skipped":0,"pct":0}}
,"D:\\Repos\\keon-omega\\keon.control.website\\src\\lib\\utils.ts": {"lines":{"total":1,"covered":1,"skipped":0,"pct":100},"functions":{"total":1,"covered":1,"skipped":0,"pct":100},"statements":{"total":1,"covered":1,"skipped":0,"pct":100},"branches":{"total":0,"covered":0,"skipped":0,"pct":100}}
,"D:\\Repos\\keon-omega\\keon.control.website\\src\\lib\\api\\alerts.ts": {"lines":{"total":4,"covered":0,"skipped":0,"pct":0},"functions":{"total":3,"covered":0,"skipped":0,"pct":0},"statements":{"total":4,"covered":0,"skipped":0,"pct":0},"branches":{"total":1,"covered":0,"skipped":0,"pct":0}}
,"D:\\Repos\\keon-omega\\keon.control.website\\src\\lib\\api\\client.ts": {"lines":{"total":60,"covered":48,"skipped":0,"pct":80},"functions":{"total":17,"covered":14,"skipped":0,"pct":82.35},"statements":{"total":60,"covered":48,"skipped":0,"pct":80},"branches":{"total":42,"covered":26,"skipped":0,"pct":61.9}}
,"D:\\Repos\\keon-omega\\keon.control.website\\src\\lib\\api\\communications.ts": {"lines":{"total":6,"covered":0,"skipped":0,"pct":0},"functions":{"total":2,"covered":0,"skipped":0,"pct":0},"statements":{"total":8,"covered":0,"skipped":0,"pct":0},"branches":{"total":4,"covered":0,"skipped":0,"pct":0}}
,"D:\\Repos\\keon-omega\\keon.control.website\\src\\lib\\api\\config.ts": {"lines":{"total":7,"covered":7,"skipped":0,"pct":100},"functions":{"total":1,"covered":1,"skipped":0,"pct":100},"statements":{"total":7,"covered":7,"skipped":0,"pct":100},"branches":{"total":6,"covered":6,"skipped":0,"pct":100}}
,"D:\\Repos\\keon-omega\\keon.control.website\\src\\lib\\api\\control-plane.ts": {"lines":{"total":19,"covered":18,"skipped":0,"pct":94.73},"functions":{"total":16,"covered":15,"skipped":0,"pct":93.75},"statements":{"total":19,"covered":18,"skipped":0,"pct":94.73},"branches":{"total":8,"covered":7,"skipped":0,"pct":87.5}}
,"D:\\Repos\\keon-omega\\keon.control.website\\src\\lib\\api\\delivery.ts": {"lines":{"total":3,"covered":0,"skipped":0,"pct":0},"functions":{"total":1,"covered":0,"skipped":0,"pct":0},"statements":{"total":4,"covered":0,"skipped":0,"pct":0},"branches":{"total":2,"covered":0,"skipped":0,"pct":0}}
,"D:\\Repos\\keon-omega\\keon.control.website\\src\\lib\\api\\errors.ts": {"lines":{"total":24,"covered":24,"skipped":0,"pct":100},"functions":{"total":8,"covered":8,"skipped":0,"pct":100},"statements":{"total":24,"covered":24,"skipped":0,"pct":100},"branches":{"total":8,"covered":8,"skipped":0,"pct":100}}
,"D:\\Repos\\keon-omega\\keon.control.website\\src\\lib\\api\\executions.ts": {"lines":{"total":6,"covered":0,"skipped":0,"pct":0},"functions":{"total":3,"covered":0,"skipped":0,"pct":0},"statements":{"total":6,"covered":0,"skipped":0,"pct":0},"branches":{"total":0,"covered":0,"skipped":0,"pct":100}}
,"D:\\Repos\\keon-omega\\keon.control.website\\src\\lib\\api\\finance.ts": {"lines":{"total":9,"covered":0,"skipped":0,"pct":0},"functions":{"total":3,"covered":0,"skipped":0,"pct":0},"statements":{"total":12,"covered":0,"skipped":0,"pct":0},"branches":{"total":6,"covered":0,"skipped":0,"pct":0}}
,"D:\\Repos\\keon-omega\\keon.control.website\\src\\lib\\api\\governanceClient.ts": {"lines":{"total":18,"covered":0,"skipped":0,"pct":0},"functions":{"total":14,"covered":0,"skipped":0,"pct":0},"statements":{"total":19,"covered":0,"skipped":0,"pct":0},"branches":{"total":4,"covered":0,"skipped":0,"pct":0}}
,"D:\\Repos\\keon-omega\\keon.control.website\\src\\lib\\api\\http.ts": {"lines":{"total":31,"covered":31,"skipped":0,"pct":100},"functions":{"total":4,"covered":4,"skipped":0,"pct":100},"statements":{"total":31,"covered":31,"skipped":0,"pct":100},"branches":{"total":28,"covered":22,"skipped":0,"pct":78.57}}
,"D:\\Repos\\keon-omega\\keon.control.website\\src\\lib\\api\\index.ts": {"lines":{"total":0,"covered":0,"skipped":0,"pct":0},"functions":{"total":0,"covered":0,"skipped":0,"pct":0},"statements":{"total":0,"covered":0,"skipped":0,"pct":0},"branches":{"total":0,"covered":0,"skipped":0,"pct":0}}
,"D:\\Repos\\keon-omega\\keon.control.website\\src\\lib\\api\\infrastructure.ts": {"lines":{"total":6,"covered":0,"skipped":0,"pct":0},"functions":{"total":2,"covered":0,"skipped":0,"pct":0},"statements":{"total":8,"covered":0,"skipped":0,"pct":0},"branches":{"total":4,"covered":0,"skipped":0,"pct":0}}
,"D:\\Repos\\keon-omega\\keon.control.website\\src\\lib\\api\\jobs.ts": {"lines":{"total":3,"covered":0,"skipped":0,"pct":0},"functions":{"total":1,"covered":0,"skipped":0,"pct":0},"statements":{"total":4,"covered":0,"skipped":0,"pct":0},"branches":{"total":2,"covered":0,"skipped":0,"pct":0}}
,"D:\\Repos\\keon-omega\\keon.control.website\\src\\lib\\api\\kernelClient.ts": {"lines":{"total":11,"covered":0,"skipped":0,"pct":0},"functions":{"total":7,"covered":0,"skipped":0,"pct":0},"statements":{"total":12,"covered":0,"skipped":0,"pct":0},"branches":{"total":2,"covered":0,"skipped":0,"pct":0}}
,"D:\\Repos\\keon-omega\\keon.control.website\\src\\lib\\api\\policies.ts": {"lines":{"total":3,"covered":0,"skipped":0,"pct":0},"functions":{"total":2,"covered":0,"skipped":0,"pct":0},"statements":{"total":3,"covered":0,"skipped":0,"pct":0},"branches":{"total":1,"covered":0,"skipped":0,"pct":0}}
,"D:\\Repos\\keon-omega\\keon.control.website\\src\\lib\\api\\receipts.ts": {"lines":{"total":4,"covered":0,"skipped":0,"pct":0},"functions":{"total":2,"covered":0,"skipped":0,"pct":0},"statements":{"total":4,"covered":0,"skipped":0,"pct":0},"branches":{"total":0,"covered":0,"skipped":0,"pct":100}}
,"D:\\Repos\\keon-omega\\keon.control.website\\src\\lib\\api\\rollouts.ts": {"lines":{"total":6,"covered":0,"skipped":0,"pct":0},"functions":{"total":2,"covered":0,"skipped":0,"pct":0},"statements":{"total":8,"covered":0,"skipped":0,"pct":0},"branches":{"total":4,"covered":0,"skipped":0,"pct":0}}
,"D:\\Repos\\keon-omega\\keon.control.website\\src\\lib\\api\\slo.ts": {"lines":{"total":3,"covered":0,"skipped":0,"pct":0},"functions":{"total":1,"covered":0,"skipped":0,"pct":0},"statements":{"total":4,"covered":0,"skipped":0,"pct":0},"branches":{"total":2,"covered":0,"skipped":0,"pct":0}}
,"D:\\Repos\\keon-omega\\keon.control.website\\src\\lib\\api\\tenants.ts": {"lines":{"total":3,"covered":0,"skipped":0,"pct":0},"functions":{"total":2,"covered":0,"skipped":0,"pct":0},"statements":{"total":3,"covered":0,"skipped":0,"pct":0},"branches":{"total":1,"covered":0,"skipped":0,"pct":0}}
,"D:\\Repos\\keon-omega\\keon.control.website\\src\\lib\\api\\traces.ts": {"lines":{"total":4,"covered":0,"skipped":0,"pct":0},"functions":{"total":2,"covered":0,"skipped":0,"pct":0},"statements":{"total":4,"covered":0,"skipped":0,"pct":0},"branches":{"total":0,"covered":0,"skipped":0,"pct":100}}
,"D:\\Repos\\keon-omega\\keon.control.website\\src\\lib\\collective\\adapters.ts": {"lines":{"total":29,"covered":20,"skipped":0,"pct":68.96},"functions":{"total":24,"covered":15,"skipped":0,"pct":62.5},"statements":{"total":29,"covered":20,"skipped":0,"pct":68.96},"branches":{"total":42,"covered":23,"skipped":0,"pct":54.76}}
,"D:\\Repos\\keon-omega\\keon.control.website\\src\\lib\\collective\\chain.dto.ts": {"lines":{"total":0,"covered":0,"skipped":0,"pct":0},"functions":{"total":0,"covered":0,"skipped":0,"pct":0},"statements":{"total":0,"covered":0,"skipped":0,"pct":0},"branches":{"total":0,"covered":0,"skipped":0,"pct":0}}
,"D:\\Repos\\keon-omega\\keon.control.website\\src\\lib\\collective\\chain.mocks.ts": {"lines":{"total":13,"covered":13,"skipped":0,"pct":100},"functions":{"total":4,"covered":4,"skipped":0,"pct":100},"statements":{"total":13,"covered":13,"skipped":0,"pct":100},"branches":{"total":13,"covered":8,"skipped":0,"pct":61.53}}
,"D:\\Repos\\keon-omega\\keon.control.website\\src\\lib\\collective\\chain.normalization.ts": {"lines":{"total":35,"covered":32,"skipped":0,"pct":91.42},"functions":{"total":18,"covered":16,"skipped":0,"pct":88.88},"statements":{"total":40,"covered":37,"skipped":0,"pct":92.5},"branches":{"total":44,"covered":37,"skipped":0,"pct":84.09}}
,"D:\\Repos\\keon-omega\\keon.control.website\\src\\lib\\collective\\chain.queryKeys.ts": {"lines":{"total":11,"covered":7,"skipped":0,"pct":63.63},"functions":{"total":9,"covered":5,"skipped":0,"pct":55.55},"statements":{"total":11,"covered":7,"skipped":0,"pct":63.63},"branches":{"total":2,"covered":1,"skipped":0,"pct":50}}
,"D:\\Repos\\keon-omega\\keon.control.website\\src\\lib\\collective\\chain.repositories.ts": {"lines":{"total":29,"covered":17,"skipped":0,"pct":58.62},"functions":{"total":16,"covered":12,"skipped":0,"pct":75},"statements":{"total":30,"covered":18,"skipped":0,"pct":60},"branches":{"total":26,"covered":10,"skipped":0,"pct":38.46}}
,"D:\\Repos\\keon-omega\\keon.control.website\\src\\lib\\collective\\chain.routes.ts": {"lines":{"total":17,"covered":11,"skipped":0,"pct":64.7},"functions":{"total":10,"covered":5,"skipped":0,"pct":50},"statements":{"total":17,"covered":11,"skipped":0,"pct":64.7},"branches":{"total":8,"covered":6,"skipped":0,"pct":75}}
,"D:\\Repos\\keon-omega\\keon.control.website\\src\\lib\\collective\\dto.ts": {"lines":{"total":0,"covered":0,"skipped":0,"pct":0},"functions":{"total":0,"covered":0,"skipped":0,"pct":0},"statements":{"total":0,"covered":0,"skipped":0,"pct":0},"branches":{"total":0,"covered":0,"skipped":0,"pct":0}}
,"D:\\Repos\\keon-omega\\keon.control.website\\src\\lib\\collective\\eligibility.dto.ts": {"lines":{"total":5,"covered":0,"skipped":0,"pct":0},"functions":{"total":3,"covered":0,"skipped":0,"pct":0},"statements":{"total":7,"covered":0,"skipped":0,"pct":0},"branches":{"total":6,"covered":0,"skipped":0,"pct":0}}
,"D:\\Repos\\keon-omega\\keon.control.website\\src\\lib\\collective\\eligibility.mocks.ts": {"lines":{"total":7,"covered":0,"skipped":0,"pct":0},"functions":{"total":1,"covered":0,"skipped":0,"pct":0},"statements":{"total":7,"covered":0,"skipped":0,"pct":0},"branches":{"total":2,"covered":0,"skipped":0,"pct":0}}
,"D:\\Repos\\keon-omega\\keon.control.website\\src\\lib\\collective\\eligibility.repositories.ts": {"lines":{"total":26,"covered":0,"skipped":0,"pct":0},"functions":{"total":4,"covered":0,"skipped":0,"pct":0},"statements":{"total":27,"covered":0,"skipped":0,"pct":0},"branches":{"total":28,"covered":0,"skipped":0,"pct":0}}
,"D:\\Repos\\keon-omega\\keon.control.website\\src\\lib\\collective\\index.ts": {"lines":{"total":0,"covered":0,"skipped":0,"pct":0},"functions":{"total":0,"covered":0,"skipped":0,"pct":0},"statements":{"total":0,"covered":0,"skipped":0,"pct":0},"branches":{"total":0,"covered":0,"skipped":0,"pct":0}}
,"D:\\Repos\\keon-omega\\keon.control.website\\src\\lib\\collective\\invocation-preview.dto.ts": {"lines":{"total":4,"covered":4,"skipped":0,"pct":100},"functions":{"total":2,"covered":2,"skipped":0,"pct":100},"statements":{"total":4,"covered":4,"skipped":0,"pct":100},"branches":{"total":0,"covered":0,"skipped":0,"pct":100}}
,"D:\\Repos\\keon-omega\\keon.control.website\\src\\lib\\collective\\invocation-preview.mocks.ts": {"lines":{"total":5,"covered":0,"skipped":0,"pct":0},"functions":{"total":1,"covered":0,"skipped":0,"pct":0},"statements":{"total":5,"covered":0,"skipped":0,"pct":0},"branches":{"total":2,"covered":0,"skipped":0,"pct":0}}
,"D:\\Repos\\keon-omega\\keon.control.website\\src\\lib\\collective\\invocation-preview.repositories.ts": {"lines":{"total":23,"covered":23,"skipped":0,"pct":100},"functions":{"total":8,"covered":8,"skipped":0,"pct":100},"statements":{"total":27,"covered":27,"skipped":0,"pct":100},"branches":{"total":16,"covered":13,"skipped":0,"pct":81.25}}
,"D:\\Repos\\keon-omega\\keon.control.website\\src\\lib\\collective\\mocks.ts": {"lines":{"total":48,"covered":26,"skipped":0,"pct":54.16},"functions":{"total":17,"covered":6,"skipped":0,"pct":35.29},"statements":{"total":55,"covered":27,"skipped":0,"pct":49.09},"branches":{"total":47,"covered":7,"skipped":0,"pct":14.89}}
,"D:\\Repos\\keon-omega\\keon.control.website\\src\\lib\\collective\\normalization.ts": {"lines":{"total":22,"covered":15,"skipped":0,"pct":68.18},"functions":{"total":19,"covered":14,"skipped":0,"pct":73.68},"statements":{"total":22,"covered":15,"skipped":0,"pct":68.18},"branches":{"total":24,"covered":2,"skipped":0,"pct":8.33}}
,"D:\\Repos\\keon-omega\\keon.control.website\\src\\lib\\collective\\queryKeys.ts": {"lines":{"total":22,"covered":8,"skipped":0,"pct":36.36},"functions":{"total":20,"covered":6,"skipped":0,"pct":30},"statements":{"total":22,"covered":8,"skipped":0,"pct":36.36},"branches":{"total":6,"covered":2,"skipped":0,"pct":33.33}}
,"D:\\Repos\\keon-omega\\keon.control.website\\src\\lib\\collective\\repositories.ts": {"lines":{"total":168,"covered":93,"skipped":0,"pct":55.35},"functions":{"total":82,"covered":36,"skipped":0,"pct":43.9},"statements":{"total":187,"covered":98,"skipped":0,"pct":52.4},"branches":{"total":150,"covered":101,"skipped":0,"pct":67.33}}
,"D:\\Repos\\keon-omega\\keon.control.website\\src\\lib\\collective\\routes.ts": {"lines":{"total":32,"covered":13,"skipped":0,"pct":40.62},"functions":{"total":19,"covered":5,"skipped":0,"pct":26.31},"statements":{"total":32,"covered":13,"skipped":0,"pct":40.62},"branches":{"total":19,"covered":8,"skipped":0,"pct":42.1}}
,"D:\\Repos\\keon-omega\\keon.control.website\\src\\lib\\control-plane\\tenant-context.tsx": {"lines":{"total":4,"covered":0,"skipped":0,"pct":0},"functions":{"total":2,"covered":0,"skipped":0,"pct":0},"statements":{"total":4,"covered":0,"skipped":0,"pct":0},"branches":{"total":2,"covered":0,"skipped":0,"pct":0}}
,"D:\\Repos\\keon-omega\\keon.control.website\\src\\lib\\mappers\\collective.ts": {"lines":{"total":53,"covered":0,"skipped":0,"pct":0},"functions":{"total":15,"covered":0,"skipped":0,"pct":0},"statements":{"total":53,"covered":0,"skipped":0,"pct":0},"branches":{"total":34,"covered":0,"skipped":0,"pct":0}}
,"D:\\Repos\\keon-omega\\keon.control.website\\src\\lib\\query\\QueryProvider.tsx": {"lines":{"total":2,"covered":0,"skipped":0,"pct":0},"functions":{"total":2,"covered":0,"skipped":0,"pct":0},"statements":{"total":3,"covered":0,"skipped":0,"pct":0},"branches":{"total":0,"covered":0,"skipped":0,"pct":100}}
,"D:\\Repos\\keon-omega\\keon.control.website\\src\\lib\\query\\queryClient.ts": {"lines":{"total":1,"covered":0,"skipped":0,"pct":0},"functions":{"total":1,"covered":0,"skipped":0,"pct":0},"statements":{"total":1,"covered":0,"skipped":0,"pct":0},"branches":{"total":0,"covered":0,"skipped":0,"pct":100}}
,"D:\\Repos\\keon-omega\\keon.control.website\\src\\lib\\realtime\\client.ts": {"lines":{"total":93,"covered":84,"skipped":0,"pct":90.32},"functions":{"total":26,"covered":24,"skipped":0,"pct":92.3},"statements":{"total":106,"covered":89,"skipped":0,"pct":83.96},"branches":{"total":44,"covered":32,"skipped":0,"pct":72.72}}
,"D:\\Repos\\keon-omega\\keon.control.website\\src\\lib\\realtime\\config.ts": {"lines":{"total":8,"covered":8,"skipped":0,"pct":100},"functions":{"total":2,"covered":2,"skipped":0,"pct":100},"statements":{"total":9,"covered":9,"skipped":0,"pct":100},"branches":{"total":6,"covered":5,"skipped":0,"pct":83.33}}
,"D:\\Repos\\keon-omega\\keon.control.website\\src\\lib\\realtime\\index.ts": {"lines":{"total":0,"covered":0,"skipped":0,"pct":0},"functions":{"total":0,"covered":0,"skipped":0,"pct":0},"statements":{"total":0,"covered":0,"skipped":0,"pct":0},"branches":{"total":0,"covered":0,"skipped":0,"pct":0}}
,"D:\\Repos\\keon-omega\\keon.control.website\\src\\lib\\realtime\\mock.ts": {"lines":{"total":26,"covered":26,"skipped":0,"pct":100},"functions":{"total":7,"covered":7,"skipped":0,"pct":100},"statements":{"total":26,"covered":26,"skipped":0,"pct":100},"branches":{"total":6,"covered":5,"skipped":0,"pct":83.33}}
,"D:\\Repos\\keon-omega\\keon.control.website\\src\\lib\\realtime\\polling.ts": {"lines":{"total":14,"covered":13,"skipped":0,"pct":92.85},"functions":{"total":2,"covered":2,"skipped":0,"pct":100},"statements":{"total":14,"covered":13,"skipped":0,"pct":92.85},"branches":{"total":6,"covered":4,"skipped":0,"pct":66.66}}
,"D:\\Repos\\keon-omega\\keon.control.website\\src\\lib\\realtime\\routing.ts": {"lines":{"total":4,"covered":4,"skipped":0,"pct":100},"functions":{"total":1,"covered":1,"skipped":0,"pct":100},"statements":{"total":5,"covered":5,"skipped":0,"pct":100},"branches":{"total":4,"covered":4,"skipped":0,"pct":100}}
,"D:\\Repos\\keon-omega\\keon.control.website\\src\\lib\\realtime\\types.ts": {"lines":{"total":0,"covered":0,"skipped":0,"pct":0},"functions":{"total":0,"covered":0,"skipped":0,"pct":0},"statements":{"total":0,"covered":0,"skipped":0,"pct":0},"branches":{"total":0,"covered":0,"skipped":0,"pct":0}}
,"D:\\Repos\\keon-omega\\keon.control.website\\src\\lib\\server\\collectiveMockProjections.ts": {"lines":{"total":2,"covered":0,"skipped":0,"pct":0},"functions":{"total":2,"covered":0,"skipped":0,"pct":0},"statements":{"total":2,"covered":0,"skipped":0,"pct":0},"branches":{"total":0,"covered":0,"skipped":0,"pct":100}}
,"D:\\Repos\\keon-omega\\keon.control.website\\src\\lib\\server\\control-plane-db.ts": {"lines":{"total":74,"covered":0,"skipped":0,"pct":0},"functions":{"total":20,"covered":0,"skipped":0,"pct":0},"statements":{"total":79,"covered":0,"skipped":0,"pct":0},"branches":{"total":34,"covered":0,"skipped":0,"pct":0}}
,"D:\\Repos\\keon-omega\\keon.control.website\\src\\lib\\server\\control-plane.ts": {"lines":{"total":151,"covered":118,"skipped":0,"pct":78.14},"functions":{"total":34,"covered":31,"skipped":0,"pct":91.17},"statements":{"total":174,"covered":126,"skipped":0,"pct":72.41},"branches":{"total":160,"covered":83,"skipped":0,"pct":51.87}}
,"D:\\Repos\\keon-omega\\keon.control.website\\src\\lib\\server\\governance-api.ts": {"lines":{"total":100,"covered":0,"skipped":0,"pct":0},"functions":{"total":24,"covered":0,"skipped":0,"pct":0},"statements":{"total":108,"covered":0,"skipped":0,"pct":0},"branches":{"total":75,"covered":0,"skipped":0,"pct":0}}
,"D:\\Repos\\keon-omega\\keon.control.website\\src\\lib\\server\\stripe.ts": {"lines":{"total":18,"covered":18,"skipped":0,"pct":100},"functions":{"total":7,"covered":7,"skipped":0,"pct":100},"statements":{"total":23,"covered":22,"skipped":0,"pct":95.65},"branches":{"total":22,"covered":19,"skipped":0,"pct":86.36}}
,"D:\\Repos\\keon-omega\\keon.control.website\\src\\lib\\state\\context.tsx": {"lines":{"total":18,"covered":0,"skipped":0,"pct":0},"functions":{"total":16,"covered":0,"skipped":0,"pct":0},"statements":{"total":24,"covered":0,"skipped":0,"pct":0},"branches":{"total":2,"covered":0,"skipped":0,"pct":0}}
,"D:\\Repos\\keon-omega\\keon.control.website\\src\\lib\\state\\hooks.ts": {"lines":{"total":48,"covered":0,"skipped":0,"pct":0},"functions":{"total":9,"covered":0,"skipped":0,"pct":0},"statements":{"total":50,"covered":0,"skipped":0,"pct":0},"branches":{"total":22,"covered":0,"skipped":0,"pct":0}}
,"D:\\Repos\\keon-omega\\keon.control.website\\src\\lib\\state\\index.ts": {"lines":{"total":0,"covered":0,"skipped":0,"pct":0},"functions":{"total":0,"covered":0,"skipped":0,"pct":0},"statements":{"total":0,"covered":0,"skipped":0,"pct":0},"branches":{"total":0,"covered":0,"skipped":0,"pct":0}}
}
